<?xml version="1.0" encoding="UTF-8"?>
<testsuites>
  <testsuite name="/var/www/html/phpunit.xml.dist" tests="1" assertions="3" errors="0" failures="0" skipped="0" time="1.163141">
    <testsuite name="Project Test Suite" tests="1" assertions="3" errors="0" failures="0" skipped="0" time="1.163141">
      <testsuite name="App\Tests\Unit\UserCreationTest" file="/var/www/html/tests/Unit/UserCreationTest.php" tests="1" assertions="3" errors="0" failures="0" skipped="0" time="1.163141">
        <testcase name="testCreateUser" file="/var/www/html/tests/Unit/UserCreationTest.php" line="29" class="App\Tests\Unit\UserCreationTest" classname="App.Tests.Unit.UserCreationTest" assertions="3" time="1.163141"/>
      </testsuite>
    </testsuite>
  </testsuite>
</testsuites>
